# JRE version: Java(TM) SE Runtime Environment (9.0+11) (build 9.0.4+11)
# Java VM: Java HotSpot(TM) 64-Bit Server VM (9.0.4+11, mixed mode, tiered, compressed oops, g1 gc, windows-amd64)
Heap:
 garbage-first heap   total 325632K, used 45217K [0x0000000702000000, 0x00000007021009f0, 0x00000007c0000000)
  region size 1024K, 9 young (9216K), 9 survivors (9216K)
 Metaspace       used 4156K, capacity 4608K, committed 4864K, reserved 1056768K
  class space    used 419K, capacity 432K, committed 512K, reserved 1048576K
GC Heap History (9 events):
Event: 0.391 GC heap before
{Heap before GC invocations=0 (full 0):
 garbage-first heap   total 194560K, used 14336K [0x0000000702000000, 0x00000007021005f0, 0x00000007c0000000)
  region size 1024K, 14 young (14336K), 0 survivors (0K)
 Metaspace       used 4155K, capacity 4608K, committed 4864K, reserved 1056768K
  class space    used 419K, capacity 432K, committed 512K, reserved 1048576K
}
Event: 0.395 GC heap after
{Heap after GC invocations=1 (full 0):
 garbage-first heap   total 194560K, used 2637K [0x0000000702000000, 0x00000007021005f0, 0x00000007c0000000)
  region size 1024K, 2 young (2048K), 2 survivors (2048K)
 Metaspace       used 4155K, capacity 4608K, committed 4864K, reserved 1056768K
  class space    used 419K, capacity 432K, committed 512K, reserved 1048576K
}
Event: 0.687 GC heap before
{Heap before GC invocations=1 (full 0):
 garbage-first heap   total 194560K, used 117325K [0x0000000702000000, 0x00000007021005f0, 0x00000007c0000000)
  region size 1024K, 114 young (116736K), 2 survivors (2048K)
 Metaspace       used 4156K, capacity 4608K, committed 4864K, reserved 1056768K
  class space    used 419K, capacity 432K, committed 512K, reserved 1048576K
}
Event: 0.702 GC heap after
{Heap after GC invocations=2 (full 0):
 garbage-first heap   total 194560K, used 19456K [0x0000000702000000, 0x00000007021005f0, 0x00000007c0000000)
  region size 1024K, 15 young (15360K), 15 survivors (15360K)
 Metaspace       used 4156K, capacity 4608K, committed 4864K, reserved 1056768K
  class space    used 419K, capacity 432K, committed 512K, reserved 1048576K
}
Event: 0.788 GC heap before
{Heap before GC invocations=2 (full 0):
 garbage-first heap   total 194560K, used 69632K [0x0000000702000000, 0x00000007021005f0, 0x00000007c0000000)
  region size 1024K, 64 young (65536K), 15 survivors (15360K)
 Metaspace       used 4156K, capacity 4608K, committed 4864K, reserved 1056768K
  class space    used 419K, capacity 432K, committed 512K, reserved 1048576K
}
Event: 0.805 GC heap after
{Heap after GC invocations=3 (full 0):
 garbage-first heap   total 194560K, used 27921K [0x0000000702000000, 0x00000007021005f0, 0x00000007c0000000)
  region size 1024K, 8 young (8192K), 8 survivors (8192K)
 Metaspace       used 4156K, capacity 4608K, committed 4864K, reserved 1056768K
  class space    used 419K, capacity 432K, committed 512K, reserved 1048576K
}
Event: 0.894 GC heap before
{Heap before GC invocations=3 (full 0):
 garbage-first heap   total 194560K, used 79121K [0x0000000702000000, 0x00000007021005f0, 0x00000007c0000000)
  region size 1024K, 58 young (59392K), 8 survivors (8192K)
 Metaspace       used 4156K, capacity 4608K, committed 4864K, reserved 1056768K
  class space    used 419K, capacity 432K, committed 512K, reserved 1048576K
}
Event: 0.905 GC heap after
{Heap after GC invocations=4 (full 0):
 garbage-first heap   total 194560K, used 36168K [0x0000000702000000, 0x00000007021005f0, 0x00000007c0000000)
  region size 1024K, 8 young (8192K), 8 survivors (8192K)
 Metaspace       used 4156K, capacity 4608K, committed 4864K, reserved 1056768K
  class space    used 419K, capacity 432K, committed 512K, reserved 1048576K
}
Event: 1.013 GC heap before
{Heap before GC invocations=4 (full 0):
 garbage-first heap   total 194560K, used 96584K [0x0000000702000000, 0x00000007021005f0, 0x00000007c0000000)
  region size 1024K, 67 young (68608K), 8 survivors (8192K)
 Metaspace       used 4156K, capacity 4608K, committed 4864K, reserved 1056768K
  class space    used 419K, capacity 432K, committed 512K, reserved 1048576K
}

